2026-03-17 21:30:56 [INFO] [MainThread] 初始化 PostgreSQL 连接池...
2026-03-17 21:30:56 [INFO] [MainThread] PostgreSQL 连接池初始化成功。
2026-03-17 21:30:56 [INFO] [Worker_0] 🚀 开始处理表: user_profiles
2026-03-17 21:30:56 [INFO] [Worker_1] 🚀 开始处理表: admin_users
2026-03-17 21:30:56 [INFO] [Worker_2] 🚀 开始处理表: announcements
2026-03-17 21:30:56 [INFO] [Worker_3] 🚀 开始处理表: system_configs
2026-03-17 21:30:56 [INFO] [Worker_4] 🚀 开始处理表: banned_users
2026-03-17 21:30:56 [INFO] [Worker_5] 🚀 开始处理表: telemetry_data
2026-03-17 21:30:56 [INFO] [Worker_6] 🚀 开始处理表: azurstat_reports
2026-03-17 21:30:56 [INFO] [Worker_7] 🚀 开始处理表: azurstat_item_drops
2026-03-17 21:30:56 [INFO] [Worker_8] 🚀 开始处理表: reports
2026-03-17 21:30:56 [INFO] [Worker_9] 🚀 开始处理表: stamina_snapshots
2026-03-17 21:30:56 [INFO] [Worker_10] 🚀 开始处理表: stamina_kline
2026-03-17 21:30:57 [INFO] [Worker_4] 📊 [banned_users] 共有 1 条数据，准备清空目标表...
2026-03-17 21:30:57 [INFO] [Worker_4] 🧹 [banned_users] 目标表已清空。
2026-03-17 21:30:57 [INFO] [Worker_10] 📊 [stamina_kline] 共有 17340 条数据，准备清空目标表...
2026-03-17 21:30:57 [INFO] [Worker_10] 🧹 [stamina_kline] 目标表已清空。
2026-03-17 21:30:57 [INFO] [Worker_4] ⏳ [banned_users] 进度: 1/1 (100.0%) | 速度: 1 行/秒
2026-03-17 21:30:57 [INFO] [Worker_2] 📊 [announcements] 共有 43 条数据，准备清空目标表...
2026-03-17 21:30:57 [INFO] [Worker_4] 🔧 [banned_users] 自增主键序列已同步。
2026-03-17 21:30:57 [INFO] [Worker_4] ✅ [banned_users] 迁移完成! 总计: 1 条，耗时: 1.12 秒。
2026-03-17 21:30:58 [INFO] [Worker_2] 🧹 [announcements] 目标表已清空。
2026-03-17 21:30:58 [INFO] [Worker_8] 📊 [reports] 共有 4 条数据，准备清空目标表...
2026-03-17 21:30:58 [INFO] [Worker_2] ⏳ [announcements] 进度: 43/43 (100.0%) | 速度: 24 行/秒
2026-03-17 21:30:58 [INFO] [Worker_8] 🧹 [reports] 目标表已清空。
2026-03-17 21:30:58 [INFO] [Worker_2] 🔧 [announcements] 自增主键序列已同步。
2026-03-17 21:30:58 [INFO] [Worker_2] ✅ [announcements] 迁移完成! 总计: 43 条，耗时: 2.02 秒。
2026-03-17 21:30:58 [INFO] [Worker_6] 📊 [azurstat_reports] 共有 4047 条数据，准备清空目标表...
2026-03-17 21:30:58 [INFO] [Worker_8] ⏳ [reports] 进度: 4/4 (100.0%) | 速度: 2 行/秒
2026-03-17 21:30:59 [INFO] [Worker_6] 🧹 [azurstat_reports] 目标表已清空。
2026-03-17 21:30:59 [INFO] [Worker_8] 🔧 [reports] 自增主键序列已同步。
2026-03-17 21:30:59 [INFO] [Worker_8] ✅ [reports] 迁移完成! 总计: 4 条，耗时: 2.33 秒。
2026-03-17 21:30:59 [INFO] [Worker_5] 📊 [telemetry_data] 共有 1679 条数据，准备清空目标表...
2026-03-17 21:30:59 [INFO] [Worker_10] ⏳ [stamina_kline] 进度: 10000/17340 (57.7%) | 速度: 3832 行/秒
2026-03-17 21:30:59 [INFO] [Worker_5] 🧹 [telemetry_data] 目标表已清空。
2026-03-17 21:30:59 [INFO] [Worker_0] 📊 [user_profiles] 共有 2510 条数据，准备清空目标表...
2026-03-17 21:30:59 [INFO] [Worker_0] 🧹 [user_profiles] 目标表已清空。
2026-03-17 21:31:00 [INFO] [Worker_1] 📊 [admin_users] 共有 1 条数据，准备清空目标表...
2026-03-17 21:31:00 [INFO] [Worker_1] 🧹 [admin_users] 目标表已清空。
2026-03-17 21:31:00 [INFO] [Worker_10] ⏳ [stamina_kline] 进度: 17340/17340 (100.0%) | 速度: 4869 行/秒
2026-03-17 21:31:00 [INFO] [Worker_1] ⏳ [admin_users] 进度: 1/1 (100.0%) | 速度: 0 行/秒
2026-03-17 21:31:00 [INFO] [Worker_3] 📊 [system_configs] 共有 2 条数据，准备清空目标表...
2026-03-17 21:31:00 [INFO] [Worker_10] 🔧 [stamina_kline] 自增主键序列已同步。
2026-03-17 21:31:00 [INFO] [Worker_10] ✅ [stamina_kline] 迁移完成! 总计: 17340 条，耗时: 3.75 秒。
2026-03-17 21:31:00 [INFO] [Worker_3] 🧹 [system_configs] 目标表已清空。
2026-03-17 21:31:00 [INFO] [Worker_6] ⏳ [azurstat_reports] 进度: 4047/4047 (100.0%) | 速度: 1057 行/秒
2026-03-17 21:31:00 [INFO] [Worker_1] 🔧 [admin_users] 自增主键序列已同步。
2026-03-17 21:31:00 [INFO] [Worker_1] ✅ [admin_users] 迁移完成! 总计: 1 条，耗时: 3.86 秒。
2026-03-17 21:31:00 [INFO] [Worker_5] ⏳ [telemetry_data] 进度: 1679/1679 (100.0%) | 速度: 429 行/秒
2026-03-17 21:31:00 [INFO] [Worker_7] 📊 [azurstat_item_drops] 共有 17813 条数据，准备清空目标表...
2026-03-17 21:31:00 [INFO] [Worker_6] 🔧 [azurstat_reports] 自增主键序列已同步。
2026-03-17 21:31:00 [INFO] [Worker_6] ✅ [azurstat_reports] 迁移完成! 总计: 4047 条，耗时: 4.01 秒。
2026-03-17 21:31:00 [INFO] [Worker_0] ⏳ [user_profiles] 进度: 2510/2510 (100.0%) | 速度: 625 行/秒
2026-03-17 21:31:00 [INFO] [Worker_0] ✅ [user_profiles] 迁移完成! 总计: 2510 条，耗时: 4.02 秒。
2026-03-17 21:31:00 [INFO] [Worker_7] 🧹 [azurstat_item_drops] 目标表已清空。
2026-03-17 21:31:00 [INFO] [Worker_5] 🔧 [telemetry_data] 自增主键序列已同步。
2026-03-17 21:31:00 [INFO] [Worker_5] ✅ [telemetry_data] 迁移完成! 总计: 1679 条，耗时: 4.08 秒。
2026-03-17 21:31:00 [INFO] [Worker_3] ⏳ [system_configs] 进度: 2/2 (100.0%) | 速度: 0 行/秒
2026-03-17 21:31:01 [INFO] [Worker_3] 🔧 [system_configs] 自增主键序列已同步。
2026-03-17 21:31:01 [INFO] [Worker_3] ✅ [system_configs] 迁移完成! 总计: 2 条，耗时: 4.28 秒。
2026-03-17 21:31:02 [INFO] [Worker_9] 📊 [stamina_snapshots] 共有 2713545 条数据，准备清空目标表...
2026-03-17 21:31:02 [INFO] [Worker_9] 🧹 [stamina_snapshots] 目标表已清空。
2026-03-17 21:31:03 [INFO] [Worker_7] ⏳ [azurstat_item_drops] 进度: 10000/17813 (56.1%) | 速度: 1553 行/秒
2026-03-17 21:31:03 [INFO] [Worker_9] ⏳ [stamina_snapshots] 进度: 10000/2713545 (0.4%) | 速度: 1401 行/秒
2026-03-17 21:31:04 [INFO] [Worker_9] ⏳ [stamina_snapshots] 进度: 20000/2713545 (0.7%) | 速度: 2456 行/秒
2026-03-17 21:31:05 [INFO] [Worker_7] ⏳ [azurstat_item_drops] 进度: 17813/17813 (100.0%) | 速度: 2181 行/秒
2026-03-17 21:31:05 [INFO] [Worker_7] 🔧 [azurstat_item_drops] 自增主键序列已同步。
2026-03-17 21:31:05 [INFO] [Worker_7] ✅ [azurstat_item_drops] 迁移完成! 总计: 17813 条，耗时: 8.35 秒。
2026-03-17 21:31:05 [INFO] [Worker_9] ⏳ [stamina_snapshots] 进度: 30000/2713545 (1.1%) | 速度: 3354 行/秒
2026-03-17 21:31:06 [INFO] [Worker_9] ⏳ [stamina_snapshots] 进度: 40000/2713545 (1.5%) | 速度: 4120 行/秒
2026-03-17 21:31:07 [INFO] [Worker_9] ⏳ [stamina_snapshots] 进度: 50000/2713545 (1.8%) | 速度: 4773 行/秒
2026-03-17 21:31:08 [INFO] [Worker_9] ⏳ [stamina_snapshots] 进度: 60000/2713545 (2.2%) | 速度: 5349 行/秒
2026-03-17 21:31:08 [INFO] [Worker_9] ⏳ [stamina_snapshots] 进度: 70000/2713545 (2.6%) | 速度: 5842 行/秒
2026-03-17 21:31:09 [INFO] [Worker_9] ⏳ [stamina_snapshots] 进度: 80000/2713545 (2.9%) | 速度: 6276 行/秒
2026-03-17 21:31:10 [INFO] [Worker_9] ⏳ [stamina_snapshots] 进度: 90000/2713545 (3.3%) | 速度: 6660 行/秒
2026-03-17 21:31:11 [INFO] [Worker_9] ⏳ [stamina_snapshots] 进度: 100000/2713545 (3.7%) | 速度: 7001 行/秒
2026-03-17 21:31:11 [INFO] [Worker_9] ⏳ [stamina_snapshots] 进度: 110000/2713545 (4.1%) | 速度: 7272 行/秒
2026-03-17 21:31:12 [INFO] [Worker_9] ⏳ [stamina_snapshots] 进度: 120000/2713545 (4.4%) | 速度: 7546 行/秒
2026-03-17 21:31:13 [INFO] [Worker_9] ⏳ [stamina_snapshots] 进度: 130000/2713545 (4.8%) | 速度: 7796 行/秒
2026-03-17 21:31:14 [INFO] [Worker_9] ⏳ [stamina_snapshots] 进度: 140000/2713545 (5.2%) | 速度: 8029 行/秒
2026-03-17 21:31:15 [INFO] [Worker_9] ⏳ [stamina_snapshots] 进度: 150000/2713545 (5.5%) | 速度: 8238 行/秒
2026-03-17 21:31:15 [INFO] [Worker_9] ⏳ [stamina_snapshots] 进度: 160000/2713545 (5.9%) | 速度: 8426 行/秒
2026-03-17 21:31:16 [INFO] [Worker_9] ⏳ [stamina_snapshots] 进度: 170000/2713545 (6.3%) | 速度: 8582 行/秒
2026-03-17 21:31:17 [INFO] [Worker_9] ⏳ [stamina_snapshots] 进度: 180000/2713545 (6.6%) | 速度: 8745 行/秒
2026-03-17 21:31:18 [INFO] [Worker_9] ⏳ [stamina_snapshots] 进度: 190000/2713545 (7.0%) | 速度: 8898 行/秒
2026-03-17 21:31:18 [INFO] [Worker_9] ⏳ [stamina_snapshots] 进度: 200000/2713545 (7.4%) | 速度: 9043 行/秒
2026-03-17 21:31:19 [INFO] [Worker_9] ⏳ [stamina_snapshots] 进度: 210000/2713545 (7.7%) | 速度: 9174 行/秒
2026-03-17 21:31:20 [INFO] [Worker_9] ⏳ [stamina_snapshots] 进度: 220000/2713545 (8.1%) | 速度: 9298 行/秒
2026-03-17 21:31:21 [INFO] [Worker_9] ⏳ [stamina_snapshots] 进度: 230000/2713545 (8.5%) | 速度: 9415 行/秒
2026-03-17 21:31:22 [INFO] [Worker_9] ⏳ [stamina_snapshots] 进度: 240000/2713545 (8.8%) | 速度: 9514 行/秒
2026-03-17 21:31:22 [INFO] [Worker_9] ⏳ [stamina_snapshots] 进度: 250000/2713545 (9.2%) | 速度: 9613 行/秒
2026-03-17 21:31:23 [INFO] [Worker_9] ⏳ [stamina_snapshots] 进度: 260000/2713545 (9.6%) | 速度: 9707 行/秒
2026-03-17 21:31:24 [INFO] [Worker_9] ⏳ [stamina_snapshots] 进度: 270000/2713545 (10.0%) | 速度: 9800 行/秒
2026-03-17 21:31:25 [INFO] [Worker_9] ⏳ [stamina_snapshots] 进度: 280000/2713545 (10.3%) | 速度: 9888 行/秒
2026-03-17 21:31:25 [INFO] [Worker_9] ⏳ [stamina_snapshots] 进度: 290000/2713545 (10.7%) | 速度: 9970 行/秒
2026-03-17 21:31:26 [INFO] [Worker_9] ⏳ [stamina_snapshots] 进度: 300000/2713545 (11.1%) | 速度: 10036 行/秒
2026-03-17 21:31:27 [INFO] [Worker_9] ⏳ [stamina_snapshots] 进度: 310000/2713545 (11.4%) | 速度: 9999 行/秒
2026-03-17 21:31:28 [INFO] [Worker_9] ⏳ [stamina_snapshots] 进度: 320000/2713545 (11.8%) | 速度: 10062 行/秒
2026-03-17 21:31:29 [INFO] [Worker_9] ⏳ [stamina_snapshots] 进度: 330000/2713545 (12.2%) | 速度: 10109 行/秒
2026-03-17 21:31:30 [INFO] [Worker_9] ⏳ [stamina_snapshots] 进度: 340000/2713545 (12.5%) | 速度: 10163 行/秒
2026-03-17 21:31:31 [INFO] [Worker_9] ⏳ [stamina_snapshots] 进度: 350000/2713545 (12.9%) | 速度: 10221 行/秒
2026-03-17 21:31:31 [INFO] [Worker_9] ⏳ [stamina_snapshots] 进度: 360000/2713545 (13.3%) | 速度: 10276 行/秒
2026-03-17 21:31:32 [INFO] [Worker_9] ⏳ [stamina_snapshots] 进度: 370000/2713545 (13.6%) | 速度: 10257 行/秒
2026-03-17 21:31:33 [INFO] [Worker_9] ⏳ [stamina_snapshots] 进度: 380000/2713545 (14.0%) | 速度: 10249 行/秒
2026-03-17 21:31:34 [INFO] [Worker_9] ⏳ [stamina_snapshots] 进度: 390000/2713545 (14.4%) | 速度: 10306 行/秒
2026-03-17 21:31:35 [INFO] [Worker_9] ⏳ [stamina_snapshots] 进度: 400000/2713545 (14.7%) | 速度: 10352 行/秒
2026-03-17 21:31:36 [INFO] [Worker_9] ⏳ [stamina_snapshots] 进度: 410000/2713545 (15.1%) | 速度: 10404 行/秒
2026-03-17 21:31:37 [INFO] [Worker_9] ⏳ [stamina_snapshots] 进度: 420000/2713545 (15.5%) | 速度: 10452 行/秒
2026-03-17 21:31:37 [INFO] [Worker_9] ⏳ [stamina_snapshots] 进度: 430000/2713545 (15.8%) | 速度: 10505 行/秒
2026-03-17 21:31:38 [INFO] [Worker_9] ⏳ [stamina_snapshots] 进度: 440000/2713545 (16.2%) | 速度: 10515 行/秒
2026-03-17 21:31:39 [INFO] [Worker_9] ⏳ [stamina_snapshots] 进度: 450000/2713545 (16.6%) | 速度: 10557 行/秒
2026-03-17 21:31:40 [INFO] [Worker_9] ⏳ [stamina_snapshots] 进度: 460000/2713545 (17.0%) | 速度: 10602 行/秒
2026-03-17 21:31:41 [INFO] [Worker_9] ⏳ [stamina_snapshots] 进度: 470000/2713545 (17.3%) | 速度: 10640 行/秒
2026-03-17 21:31:41 [INFO] [Worker_9] ⏳ [stamina_snapshots] 进度: 480000/2713545 (17.7%) | 速度: 10680 行/秒
2026-03-17 21:31:42 [INFO] [Worker_9] ⏳ [stamina_snapshots] 进度: 490000/2713545 (18.1%) | 速度: 10717 行/秒
2026-03-17 21:31:43 [INFO] [Worker_9] ⏳ [stamina_snapshots] 进度: 500000/2713545 (18.4%) | 速度: 10757 行/秒
2026-03-17 21:31:44 [INFO] [Worker_9] ⏳ [stamina_snapshots] 进度: 510000/2713545 (18.8%) | 速度: 10793 行/秒
2026-03-17 21:31:44 [INFO] [Worker_9] ⏳ [stamina_snapshots] 进度: 520000/2713545 (19.2%) | 速度: 10823 行/秒
2026-03-17 21:31:45 [INFO] [Worker_9] ⏳ [stamina_snapshots] 进度: 530000/2713545 (19.5%) | 速度: 10859 行/秒
2026-03-17 21:31:46 [INFO] [Worker_9] ⏳ [stamina_snapshots] 进度: 540000/2713545 (19.9%) | 速度: 10887 行/秒
2026-03-17 21:31:47 [INFO] [Worker_9] ⏳ [stamina_snapshots] 进度: 550000/2713545 (20.3%) | 速度: 10918 行/秒
2026-03-17 21:31:47 [INFO] [Worker_9] ⏳ [stamina_snapshots] 进度: 560000/2713545 (20.6%) | 速度: 10949 行/秒
2026-03-17 21:31:48 [INFO] [Worker_9] ⏳ [stamina_snapshots] 进度: 570000/2713545 (21.0%) | 速度: 10979 行/秒
2026-03-17 21:31:49 [INFO] [Worker_9] ⏳ [stamina_snapshots] 进度: 580000/2713545 (21.4%) | 速度: 11007 行/秒
2026-03-17 21:31:50 [INFO] [Worker_9] ⏳ [stamina_snapshots] 进度: 590000/2713545 (21.7%) | 速度: 11037 行/秒
2026-03-17 21:31:51 [INFO] [Worker_9] ⏳ [stamina_snapshots] 进度: 600000/2713545 (22.1%) | 速度: 11065 行/秒
2026-03-17 21:31:51 [INFO] [Worker_9] ⏳ [stamina_snapshots] 进度: 610000/2713545 (22.5%) | 速度: 11091 行/秒
2026-03-17 21:31:52 [INFO] [Worker_9] ⏳ [stamina_snapshots] 进度: 620000/2713545 (22.8%) | 速度: 11114 行/秒
2026-03-17 21:31:53 [INFO] [Worker_9] ⏳ [stamina_snapshots] 进度: 630000/2713545 (23.2%) | 速度: 11142 行/秒
2026-03-17 21:31:54 [INFO] [Worker_9] ⏳ [stamina_snapshots] 进度: 640000/2713545 (23.6%) | 速度: 11166 行/秒
2026-03-17 21:31:54 [INFO] [Worker_9] ⏳ [stamina_snapshots] 进度: 650000/2713545 (24.0%) | 速度: 11191 行/秒
2026-03-17 21:31:55 [INFO] [Worker_9] ⏳ [stamina_snapshots] 进度: 660000/2713545 (24.3%) | 速度: 11214 行/秒
2026-03-17 21:31:56 [INFO] [Worker_9] ⏳ [stamina_snapshots] 进度: 670000/2713545 (24.7%) | 速度: 11240 行/秒
2026-03-17 21:31:57 [INFO] [Worker_9] ⏳ [stamina_snapshots] 进度: 680000/2713545 (25.1%) | 速度: 11261 行/秒
2026-03-17 21:31:57 [INFO] [Worker_9] ⏳ [stamina_snapshots] 进度: 690000/2713545 (25.4%) | 速度: 11286 行/秒
2026-03-17 21:31:58 [INFO] [Worker_9] ⏳ [stamina_snapshots] 进度: 700000/2713545 (25.8%) | 速度: 11308 行/秒
2026-03-17 21:31:59 [INFO] [Worker_9] ⏳ [stamina_snapshots] 进度: 710000/2713545 (26.2%) | 速度: 11323 行/秒
2026-03-17 21:32:00 [INFO] [Worker_9] ⏳ [stamina_snapshots] 进度: 720000/2713545 (26.5%) | 速度: 11345 行/秒
2026-03-17 21:32:01 [INFO] [Worker_9] ⏳ [stamina_snapshots] 进度: 730000/2713545 (26.9%) | 速度: 11354 行/秒
2026-03-17 21:32:01 [INFO] [Worker_9] ⏳ [stamina_snapshots] 进度: 740000/2713545 (27.3%) | 速度: 11367 行/秒
2026-03-17 21:32:02 [INFO] [Worker_9] ⏳ [stamina_snapshots] 进度: 750000/2713545 (27.6%) | 速度: 11352 行/秒
2026-03-17 21:32:03 [INFO] [Worker_9] ⏳ [stamina_snapshots] 进度: 760000/2713545 (28.0%) | 速度: 11342 行/秒
2026-03-17 21:32:04 [INFO] [Worker_9] ⏳ [stamina_snapshots] 进度: 770000/2713545 (28.4%) | 速度: 11356 行/秒
2026-03-17 21:32:05 [INFO] [Worker_9] ⏳ [stamina_snapshots] 进度: 780000/2713545 (28.7%) | 速度: 11377 行/秒
2026-03-17 21:32:06 [INFO] [Worker_9] ⏳ [stamina_snapshots] 进度: 790000/2713545 (29.1%) | 速度: 11398 行/秒
2026-03-17 21:32:06 [INFO] [Worker_9] ⏳ [stamina_snapshots] 进度: 800000/2713545 (29.5%) | 速度: 11406 行/秒
2026-03-17 21:32:07 [INFO] [Worker_9] ⏳ [stamina_snapshots] 进度: 810000/2713545 (29.9%) | 速度: 11425 行/秒
2026-03-17 21:32:08 [INFO] [Worker_9] ⏳ [stamina_snapshots] 进度: 820000/2713545 (30.2%) | 速度: 11440 行/秒
2026-03-17 21:32:09 [INFO] [Worker_9] ⏳ [stamina_snapshots] 进度: 830000/2713545 (30.6%) | 速度: 11453 行/秒
2026-03-17 21:32:10 [INFO] [Worker_9] ⏳ [stamina_snapshots] 进度: 840000/2713545 (31.0%) | 速度: 11456 行/秒
2026-03-17 21:32:10 [INFO] [Worker_9] ⏳ [stamina_snapshots] 进度: 850000/2713545 (31.3%) | 速度: 11467 行/秒
2026-03-17 21:32:11 [INFO] [Worker_9] ⏳ [stamina_snapshots] 进度: 860000/2713545 (31.7%) | 速度: 11483 行/秒
2026-03-17 21:32:12 [INFO] [Worker_9] ⏳ [stamina_snapshots] 进度: 870000/2713545 (32.1%) | 速度: 11482 行/秒
2026-03-17 21:32:13 [INFO] [Worker_9] ⏳ [stamina_snapshots] 进度: 880000/2713545 (32.4%) | 速度: 11492 行/秒
2026-03-17 21:32:14 [INFO] [Worker_9] ⏳ [stamina_snapshots] 进度: 890000/2713545 (32.8%) | 速度: 11506 行/秒
2026-03-17 21:32:14 [INFO] [Worker_9] ⏳ [stamina_snapshots] 进度: 900000/2713545 (33.2%) | 速度: 11521 行/秒
2026-03-17 21:32:15 [INFO] [Worker_9] ⏳ [stamina_snapshots] 进度: 910000/2713545 (33.5%) | 速度: 11536 行/秒
2026-03-17 21:32:16 [INFO] [Worker_9] ⏳ [stamina_snapshots] 进度: 920000/2713545 (33.9%) | 速度: 11550 行/秒
2026-03-17 21:32:17 [INFO] [Worker_9] ⏳ [stamina_snapshots] 进度: 930000/2713545 (34.3%) | 速度: 11557 行/秒
2026-03-17 21:32:18 [INFO] [Worker_9] ⏳ [stamina_snapshots] 进度: 940000/2713545 (34.6%) | 速度: 11571 行/秒
2026-03-17 21:32:18 [INFO] [Worker_9] ⏳ [stamina_snapshots] 进度: 950000/2713545 (35.0%) | 速度: 11586 行/秒
2026-03-17 21:32:19 [INFO] [Worker_9] ⏳ [stamina_snapshots] 进度: 960000/2713545 (35.4%) | 速度: 11600 行/秒
2026-03-17 21:32:20 [INFO] [Worker_9] ⏳ [stamina_snapshots] 进度: 970000/2713545 (35.7%) | 速度: 11610 行/秒
2026-03-17 21:32:21 [INFO] [Worker_9] ⏳ [stamina_snapshots] 进度: 980000/2713545 (36.1%) | 速度: 11623 行/秒
2026-03-17 21:32:21 [INFO] [Worker_9] ⏳ [stamina_snapshots] 进度: 990000/2713545 (36.5%) | 速度: 11632 行/秒
2026-03-17 21:32:22 [INFO] [Worker_9] ⏳ [stamina_snapshots] 进度: 1000000/2713545 (36.9%) | 速度: 11645 行/秒
2026-03-17 21:32:23 [INFO] [Worker_9] ⏳ [stamina_snapshots] 进度: 1010000/2713545 (37.2%) | 速度: 11645 行/秒
2026-03-17 21:32:24 [INFO] [Worker_9] ⏳ [stamina_snapshots] 进度: 1020000/2713545 (37.6%) | 速度: 11653 行/秒
2026-03-17 21:32:25 [INFO] [Worker_9] ⏳ [stamina_snapshots] 进度: 1030000/2713545 (38.0%) | 速度: 11664 行/秒
2026-03-17 21:32:25 [INFO] [Worker_9] ⏳ [stamina_snapshots] 进度: 1040000/2713545 (38.3%) | 速度: 11675 行/秒
2026-03-17 21:32:26 [INFO] [Worker_9] ⏳ [stamina_snapshots] 进度: 1050000/2713545 (38.7%) | 速度: 11685 行/秒
2026-03-17 21:32:27 [INFO] [Worker_9] ⏳ [stamina_snapshots] 进度: 1060000/2713545 (39.1%) | 速度: 11693 行/秒
2026-03-17 21:32:28 [INFO] [Worker_9] ⏳ [stamina_snapshots] 进度: 1070000/2713545 (39.4%) | 速度: 11706 行/秒
2026-03-17 21:32:29 [INFO] [Worker_9] ⏳ [stamina_snapshots] 进度: 1080000/2713545 (39.8%) | 速度: 11717 行/秒
2026-03-17 21:32:29 [INFO] [Worker_9] ⏳ [stamina_snapshots] 进度: 1090000/2713545 (40.2%) | 速度: 11730 行/秒
2026-03-17 21:32:30 [INFO] [Worker_9] ⏳ [stamina_snapshots] 进度: 1100000/2713545 (40.5%) | 速度: 11732 行/秒
2026-03-17 21:32:31 [INFO] [Worker_9] ⏳ [stamina_snapshots] 进度: 1110000/2713545 (40.9%) | 速度: 11739 行/秒
2026-03-17 21:32:32 [INFO] [Worker_9] ⏳ [stamina_snapshots] 进度: 1120000/2713545 (41.3%) | 速度: 11750 行/秒
2026-03-17 21:32:32 [INFO] [Worker_9] ⏳ [stamina_snapshots] 进度: 1130000/2713545 (41.6%) | 速度: 11759 行/秒
2026-03-17 21:32:33 [INFO] [Worker_9] ⏳ [stamina_snapshots] 进度: 1140000/2713545 (42.0%) | 速度: 11768 行/秒
2026-03-17 21:32:34 [INFO] [Worker_9] ⏳ [stamina_snapshots] 进度: 1150000/2713545 (42.4%) | 速度: 11770 行/秒
2026-03-17 21:32:35 [INFO] [Worker_9] ⏳ [stamina_snapshots] 进度: 1160000/2713545 (42.7%) | 速度: 11778 行/秒
2026-03-17 21:32:36 [INFO] [Worker_9] ⏳ [stamina_snapshots] 进度: 1170000/2713545 (43.1%) | 速度: 11787 行/秒
2026-03-17 21:32:36 [INFO] [Worker_9] ⏳ [stamina_snapshots] 进度: 1180000/2713545 (43.5%) | 速度: 11795 行/秒
2026-03-17 21:32:37 [INFO] [Worker_9] ⏳ [stamina_snapshots] 进度: 1190000/2713545 (43.9%) | 速度: 11799 行/秒
2026-03-17 21:32:38 [INFO] [Worker_9] ⏳ [stamina_snapshots] 进度: 1200000/2713545 (44.2%) | 速度: 11806 行/秒
2026-03-17 21:32:39 [INFO] [Worker_9] ⏳ [stamina_snapshots] 进度: 1210000/2713545 (44.6%) | 速度: 11813 行/秒
2026-03-17 21:32:40 [INFO] [Worker_9] ⏳ [stamina_snapshots] 进度: 1220000/2713545 (45.0%) | 速度: 11821 行/秒
2026-03-17 21:32:40 [INFO] [Worker_9] ⏳ [stamina_snapshots] 进度: 1230000/2713545 (45.3%) | 速度: 11830 行/秒
2026-03-17 21:32:41 [INFO] [Worker_9] ⏳ [stamina_snapshots] 进度: 1240000/2713545 (45.7%) | 速度: 11835 行/秒
2026-03-17 21:32:42 [INFO] [Worker_9] ⏳ [stamina_snapshots] 进度: 1250000/2713545 (46.1%) | 速度: 11838 行/秒
2026-03-17 21:32:43 [INFO] [Worker_9] ⏳ [stamina_snapshots] 进度: 1260000/2713545 (46.4%) | 速度: 11846 行/秒
2026-03-17 21:32:43 [INFO] [Worker_9] ⏳ [stamina_snapshots] 进度: 1270000/2713545 (46.8%) | 速度: 11854 行/秒
2026-03-17 21:32:44 [INFO] [Worker_9] ⏳ [stamina_snapshots] 进度: 1280000/2713545 (47.2%) | 速度: 11854 行/秒
2026-03-17 21:32:45 [INFO] [Worker_9] ⏳ [stamina_snapshots] 进度: 1290000/2713545 (47.5%) | 速度: 11859 行/秒
2026-03-17 21:32:46 [INFO] [Worker_9] ⏳ [stamina_snapshots] 进度: 1300000/2713545 (47.9%) | 速度: 11866 行/秒
2026-03-17 21:32:47 [INFO] [Worker_9] ⏳ [stamina_snapshots] 进度: 1310000/2713545 (48.3%) | 速度: 11873 行/秒
2026-03-17 21:32:47 [INFO] [Worker_9] ⏳ [stamina_snapshots] 进度: 1320000/2713545 (48.6%) | 速度: 11881 行/秒
2026-03-17 21:32:48 [INFO] [Worker_9] ⏳ [stamina_snapshots] 进度: 1330000/2713545 (49.0%) | 速度: 11883 行/秒
2026-03-17 21:32:49 [INFO] [Worker_9] ⏳ [stamina_snapshots] 进度: 1340000/2713545 (49.4%) | 速度: 11890 行/秒
2026-03-17 21:32:50 [INFO] [Worker_9] ⏳ [stamina_snapshots] 进度: 1350000/2713545 (49.8%) | 速度: 11890 行/秒
2026-03-17 21:32:51 [INFO] [Worker_9] ⏳ [stamina_snapshots] 进度: 1360000/2713545 (50.1%) | 速度: 11872 行/秒
2026-03-17 21:32:52 [INFO] [Worker_9] ⏳ [stamina_snapshots] 进度: 1370000/2713545 (50.5%) | 速度: 11845 行/秒
2026-03-17 21:32:53 [INFO] [Worker_9] ⏳ [stamina_snapshots] 进度: 1380000/2713545 (50.9%) | 速度: 11853 行/秒
2026-03-17 21:32:54 [INFO] [Worker_9] ⏳ [stamina_snapshots] 进度: 1390000/2713545 (51.2%) | 速度: 11861 行/秒
2026-03-17 21:32:54 [INFO] [Worker_9] ⏳ [stamina_snapshots] 进度: 1400000/2713545 (51.6%) | 速度: 11867 行/秒
2026-03-17 21:32:55 [INFO] [Worker_9] ⏳ [stamina_snapshots] 进度: 1410000/2713545 (52.0%) | 速度: 11869 行/秒
2026-03-17 21:32:56 [INFO] [Worker_9] ⏳ [stamina_snapshots] 进度: 1420000/2713545 (52.3%) | 速度: 11872 行/秒
2026-03-17 21:32:57 [INFO] [Worker_9] ⏳ [stamina_snapshots] 进度: 1430000/2713545 (52.7%) | 速度: 11875 行/秒
2026-03-17 21:32:58 [INFO] [Worker_9] ⏳ [stamina_snapshots] 进度: 1440000/2713545 (53.1%) | 速度: 11881 行/秒
2026-03-17 21:32:58 [INFO] [Worker_9] ⏳ [stamina_snapshots] 进度: 1450000/2713545 (53.4%) | 速度: 11890 行/秒
2026-03-17 21:32:59 [INFO] [Worker_9] ⏳ [stamina_snapshots] 进度: 1460000/2713545 (53.8%) | 速度: 11893 行/秒
2026-03-17 21:33:00 [INFO] [Worker_9] ⏳ [stamina_snapshots] 进度: 1470000/2713545 (54.2%) | 速度: 11901 行/秒
2026-03-17 21:33:01 [INFO] [Worker_9] ⏳ [stamina_snapshots] 进度: 1480000/2713545 (54.5%) | 速度: 11905 行/秒
2026-03-17 21:33:01 [INFO] [Worker_9] ⏳ [stamina_snapshots] 进度: 1490000/2713545 (54.9%) | 速度: 11910 行/秒
2026-03-17 21:33:02 [INFO] [Worker_9] ⏳ [stamina_snapshots] 进度: 1500000/2713545 (55.3%) | 速度: 11915 行/秒
2026-03-17 21:33:03 [INFO] [Worker_9] ⏳ [stamina_snapshots] 进度: 1510000/2713545 (55.6%) | 速度: 11910 行/秒
2026-03-17 21:33:04 [INFO] [Worker_9] ⏳ [stamina_snapshots] 进度: 1520000/2713545 (56.0%) | 速度: 11917 行/秒
2026-03-17 21:33:05 [INFO] [Worker_9] ⏳ [stamina_snapshots] 进度: 1530000/2713545 (56.4%) | 速度: 11925 行/秒
2026-03-17 21:33:05 [INFO] [Worker_9] ⏳ [stamina_snapshots] 进度: 1540000/2713545 (56.8%) | 速度: 11932 行/秒
2026-03-17 21:33:06 [INFO] [Worker_9] ⏳ [stamina_snapshots] 进度: 1550000/2713545 (57.1%) | 速度: 11934 行/秒
2026-03-17 21:33:11 [INFO] [Worker_9] ⏳ [stamina_snapshots] 进度: 1560000/2713545 (57.5%) | 速度: 11607 行/秒
2026-03-17 21:33:16 [INFO] [Worker_9] ⏳ [stamina_snapshots] 进度: 1570000/2713545 (57.9%) | 速度: 11203 行/秒
2026-03-17 21:33:21 [INFO] [Worker_9] ⏳ [stamina_snapshots] 进度: 1580000/2713545 (58.2%) | 速度: 10885 行/秒
2026-03-17 21:33:26 [INFO] [Worker_9] ⏳ [stamina_snapshots] 进度: 1590000/2713545 (58.6%) | 速度: 10594 行/秒
2026-03-17 21:33:32 [INFO] [Worker_9] ⏳ [stamina_snapshots] 进度: 1600000/2713545 (59.0%) | 速度: 10273 行/秒
2026-03-17 21:33:38 [INFO] [Worker_9] ⏳ [stamina_snapshots] 进度: 1610000/2713545 (59.3%) | 速度: 9948 行/秒
2026-03-17 21:33:44 [INFO] [Worker_9] ⏳ [stamina_snapshots] 进度: 1620000/2713545 (59.7%) | 速度: 9670 行/秒
2026-03-17 21:33:50 [INFO] [Worker_9] ⏳ [stamina_snapshots] 进度: 1630000/2713545 (60.1%) | 速度: 9378 行/秒
2026-03-17 21:33:56 [INFO] [Worker_9] ⏳ [stamina_snapshots] 进度: 1640000/2713545 (60.4%) | 速度: 9127 行/秒
2026-03-17 21:34:02 [INFO] [Worker_9] ⏳ [stamina_snapshots] 进度: 1650000/2713545 (60.8%) | 速度: 8865 行/秒
2026-03-17 21:34:10 [INFO] [Worker_9] ⏳ [stamina_snapshots] 进度: 1660000/2713545 (61.2%) | 速度: 8575 行/秒
2026-03-17 21:34:17 [INFO] [Worker_9] ⏳ [stamina_snapshots] 进度: 1670000/2713545 (61.5%) | 速度: 8335 行/秒
2026-03-17 21:34:22 [INFO] [Worker_9] ⏳ [stamina_snapshots] 进度: 1680000/2713545 (61.9%) | 速度: 8158 行/秒
2026-03-17 21:34:29 [INFO] [Worker_9] ⏳ [stamina_snapshots] 进度: 1690000/2713545 (62.3%) | 速度: 7965 行/秒
2026-03-17 21:34:35 [INFO] [Worker_9] ⏳ [stamina_snapshots] 进度: 1700000/2713545 (62.6%) | 速度: 7790 行/秒
2026-03-17 21:34:42 [INFO] [Worker_9] ⏳ [stamina_snapshots] 进度: 1710000/2713545 (63.0%) | 速度: 7579 行/秒
2026-03-17 21:34:46 [INFO] [Worker_9] ⏳ [stamina_snapshots] 进度: 1720000/2713545 (63.4%) | 速度: 7484 行/秒
2026-03-17 21:34:55 [INFO] [Worker_9] ⏳ [stamina_snapshots] 进度: 1730000/2713545 (63.8%) | 速度: 7263 行/秒
2026-03-17 21:35:01 [INFO] [Worker_9] ⏳ [stamina_snapshots] 进度: 1740000/2713545 (64.1%) | 速度: 7113 行/秒
2026-03-17 21:35:06 [INFO] [Worker_9] ⏳ [stamina_snapshots] 进度: 1750000/2713545 (64.5%) | 速度: 7002 行/秒
2026-03-17 21:35:13 [INFO] [Worker_9] ⏳ [stamina_snapshots] 进度: 1760000/2713545 (64.9%) | 速度: 6863 行/秒
2026-03-17 21:35:19 [INFO] [Worker_9] ⏳ [stamina_snapshots] 进度: 1770000/2713545 (65.2%) | 速度: 6748 行/秒
2026-03-17 21:35:25 [INFO] [Worker_9] ⏳ [stamina_snapshots] 进度: 1780000/2713545 (65.6%) | 速度: 6625 行/秒
2026-03-17 21:35:30 [INFO] [Worker_9] ⏳ [stamina_snapshots] 进度: 1790000/2713545 (66.0%) | 速度: 6541 行/秒
2026-03-17 21:35:36 [INFO] [Worker_9] ⏳ [stamina_snapshots] 进度: 1800000/2713545 (66.3%) | 速度: 6430 行/秒
2026-03-17 21:35:42 [INFO] [Worker_9] ⏳ [stamina_snapshots] 进度: 1810000/2713545 (66.7%) | 速度: 6340 行/秒
2026-03-17 21:35:48 [INFO] [Worker_9] ⏳ [stamina_snapshots] 进度: 1820000/2713545 (67.1%) | 速度: 6235 行/秒
2026-03-17 21:35:53 [INFO] [Worker_9] ⏳ [stamina_snapshots] 进度: 1830000/2713545 (67.4%) | 速度: 6166 行/秒
2026-03-17 21:35:59 [INFO] [Worker_9] ⏳ [stamina_snapshots] 进度: 1840000/2713545 (67.8%) | 速度: 6085 行/秒
2026-03-17 21:36:04 [INFO] [Worker_9] ⏳ [stamina_snapshots] 进度: 1850000/2713545 (68.2%) | 速度: 6004 行/秒
2026-03-17 21:36:11 [INFO] [Worker_9] ⏳ [stamina_snapshots] 进度: 1860000/2713545 (68.5%) | 速度: 5918 行/秒
2026-03-17 21:36:16 [INFO] [Worker_9] ⏳ [stamina_snapshots] 进度: 1870000/2713545 (68.9%) | 速度: 5852 行/秒
2026-03-17 21:36:21 [INFO] [Worker_9] ⏳ [stamina_snapshots] 进度: 1880000/2713545 (69.3%) | 速度: 5795 行/秒
2026-03-17 21:36:27 [INFO] [Worker_9] ⏳ [stamina_snapshots] 进度: 1890000/2713545 (69.7%) | 速度: 5710 行/秒
2026-03-17 21:36:34 [INFO] [Worker_9] ⏳ [stamina_snapshots] 进度: 1900000/2713545 (70.0%) | 速度: 5628 行/秒
2026-03-17 21:36:41 [INFO] [Worker_9] ⏳ [stamina_snapshots] 进度: 1910000/2713545 (70.4%) | 速度: 5534 行/秒
2026-03-17 21:36:47 [INFO] [Worker_9] ⏳ [stamina_snapshots] 进度: 1920000/2713545 (70.8%) | 速度: 5473 行/秒
2026-03-17 21:36:53 [INFO] [Worker_9] ⏳ [stamina_snapshots] 进度: 1930000/2713545 (71.1%) | 速度: 5411 行/秒
2026-03-17 21:36:59 [INFO] [Worker_9] ⏳ [stamina_snapshots] 进度: 1940000/2713545 (71.5%) | 速度: 5351 行/秒
2026-03-17 21:37:04 [INFO] [Worker_9] ⏳ [stamina_snapshots] 进度: 1950000/2713545 (71.9%) | 速度: 5305 行/秒
2026-03-17 21:37:09 [INFO] [Worker_9] ⏳ [stamina_snapshots] 进度: 1960000/2713545 (72.2%) | 速度: 5264 行/秒
2026-03-17 21:37:14 [INFO] [Worker_9] ⏳ [stamina_snapshots] 进度: 1970000/2713545 (72.6%) | 速度: 5219 行/秒
2026-03-17 21:37:19 [INFO] [Worker_9] ⏳ [stamina_snapshots] 进度: 1980000/2713545 (73.0%) | 速度: 5180 行/秒
2026-03-17 21:37:25 [INFO] [Worker_9] ⏳ [stamina_snapshots] 进度: 1990000/2713545 (73.3%) | 速度: 5123 行/秒
2026-03-17 21:37:30 [INFO] [Worker_9] ⏳ [stamina_snapshots] 进度: 2000000/2713545 (73.7%) | 速度: 5075 行/秒
2026-03-17 21:37:38 [INFO] [Worker_9] ⏳ [stamina_snapshots] 进度: 2010000/2713545 (74.1%) | 速度: 4998 行/秒
2026-03-17 21:37:44 [INFO] [Worker_9] ⏳ [stamina_snapshots] 进度: 2020000/2713545 (74.4%) | 速度: 4956 行/秒
2026-03-17 21:37:50 [INFO] [Worker_9] ⏳ [stamina_snapshots] 进度: 2030000/2713545 (74.8%) | 速度: 4910 行/秒
2026-03-17 21:37:55 [INFO] [Worker_9] ⏳ [stamina_snapshots] 进度: 2040000/2713545 (75.2%) | 速度: 4872 行/秒
2026-03-17 21:38:01 [INFO] [Worker_9] ⏳ [stamina_snapshots] 进度: 2050000/2713545 (75.5%) | 速度: 4830 行/秒
2026-03-17 21:38:06 [INFO] [Worker_9] ⏳ [stamina_snapshots] 进度: 2060000/2713545 (75.9%) | 速度: 4800 行/秒
2026-03-17 21:38:11 [INFO] [Worker_9] ⏳ [stamina_snapshots] 进度: 2070000/2713545 (76.3%) | 速度: 4761 行/秒
2026-03-17 21:38:16 [INFO] [Worker_9] ⏳ [stamina_snapshots] 进度: 2080000/2713545 (76.7%) | 速度: 4732 行/秒
2026-03-17 21:38:22 [INFO] [Worker_9] ⏳ [stamina_snapshots] 进度: 2090000/2713545 (77.0%) | 速度: 4689 行/秒
2026-03-17 21:38:28 [INFO] [Worker_9] ⏳ [stamina_snapshots] 进度: 2100000/2713545 (77.4%) | 速度: 4650 行/秒
2026-03-17 21:38:33 [INFO] [Worker_9] ⏳ [stamina_snapshots] 进度: 2110000/2713545 (77.8%) | 速度: 4620 行/秒
2026-03-17 21:38:40 [INFO] [Worker_9] ⏳ [stamina_snapshots] 进度: 2120000/2713545 (78.1%) | 速度: 4577 行/秒
2026-03-17 21:38:45 [INFO] [Worker_9] ⏳ [stamina_snapshots] 进度: 2130000/2713545 (78.5%) | 速度: 4549 行/秒
2026-03-17 21:38:50 [INFO] [Worker_9] ⏳ [stamina_snapshots] 进度: 2140000/2713545 (78.9%) | 速度: 4521 行/秒
2026-03-17 21:38:56 [INFO] [Worker_9] ⏳ [stamina_snapshots] 进度: 2150000/2713545 (79.2%) | 速度: 4485 行/秒
2026-03-17 21:39:02 [INFO] [Worker_9] ⏳ [stamina_snapshots] 进度: 2160000/2713545 (79.6%) | 速度: 4446 行/秒
2026-03-17 21:39:07 [INFO] [Worker_9] ⏳ [stamina_snapshots] 进度: 2170000/2713545 (80.0%) | 速度: 4425 行/秒
2026-03-17 21:39:13 [INFO] [Worker_9] ⏳ [stamina_snapshots] 进度: 2180000/2713545 (80.3%) | 速度: 4388 行/秒
2026-03-17 21:39:19 [INFO] [Worker_9] ⏳ [stamina_snapshots] 进度: 2190000/2713545 (80.7%) | 速度: 4358 行/秒
2026-03-17 21:39:25 [INFO] [Worker_9] ⏳ [stamina_snapshots] 进度: 2200000/2713545 (81.1%) | 速度: 4328 行/秒
2026-03-17 21:39:30 [INFO] [Worker_9] ⏳ [stamina_snapshots] 进度: 2210000/2713545 (81.4%) | 速度: 4304 行/秒
2026-03-17 21:39:39 [INFO] [Worker_9] ⏳ [stamina_snapshots] 进度: 2220000/2713545 (81.8%) | 速度: 4250 行/秒
2026-03-17 21:39:39 [ERROR] [Worker_9] ❌ [stamina_snapshots] 迁移过程中发生严重错误: (2013, 'Lost connection to MySQL server during query')
2026-03-17 21:39:39 [INFO] [MainThread] PostgreSQL 连接池已关闭。
